This is pdfTeX, Version 3.14159265-2.6-1.40.21 (TeX Live 2020) (preloaded format=pdflatex 2020.7.12)  19 SEP 2020 18:55
entering extended mode
 restricted \write18 enabled.
 %&-line parsing enabled.
**main.tex
(./main.tex
LaTeX2e <2020-02-02> patch level 5
L3 programming layer <2020-06-18>
(/home/fouche/texlive/texmf-dist/tex/latex/standalone/standalone.cls
Document Class: standalone 2018/03/26 v1.3a Class to compile TeX sub-files stan
dalone
(/home/fouche/texlive/texmf-dist/tex/latex/tools/shellesc.sty
Package: shellesc 2019/11/08 v1.0c unified shell escape interface for LaTeX
Package shellesc Info: Restricted shell escape enabled on input line 77.
)
(/home/fouche/texlive/texmf-dist/tex/generic/iftex/ifluatex.sty
Package: ifluatex 2019/10/25 v1.5 ifluatex legacy package. Use iftex instead.

(/home/fouche/texlive/texmf-dist/tex/generic/iftex/iftex.sty
Package: iftex 2020/03/06 v1.0d TeX engine tests
))
(/home/fouche/texlive/texmf-dist/tex/latex/xkeyval/xkeyval.sty
Package: xkeyval 2014/12/03 v2.7a package option processing (HA)

(/home/fouche/texlive/texmf-dist/tex/generic/xkeyval/xkeyval.tex
(/home/fouche/texlive/texmf-dist/tex/generic/xkeyval/xkvutils.tex
\XKV@toks=\toks15
\XKV@tempa@toks=\toks16

(/home/fouche/texlive/texmf-dist/tex/generic/xkeyval/keyval.tex))
\XKV@depth=\count167
File: xkeyval.tex 2014/12/03 v2.7a key=value parser (HA)
))
\sa@internal=\count168
\c@sapage=\count169

(/home/fouche/texlive/texmf-dist/tex/latex/standalone/standalone.cfg
File: standalone.cfg 2018/03/26 v1.3a Default configuration file for 'standalon
e' class
)
(/home/fouche/texlive/texmf-dist/tex/latex/base/article.cls
Document Class: article 2019/12/20 v1.4l Standard LaTeX document class
(/home/fouche/texlive/texmf-dist/tex/latex/base/size10.clo
File: size10.clo 2019/12/20 v1.4l Standard LaTeX file (size option)
)
\c@part=\count170
\c@section=\count171
\c@subsection=\count172
\c@subsubsection=\count173
\c@paragraph=\count174
\c@subparagraph=\count175
\c@figure=\count176
\c@table=\count177
\abovecaptionskip=\skip47
\belowcaptionskip=\skip48
\bibindent=\dimen134
)
\sa@box=\box45
)
(/home/fouche/texlive/texmf-dist/tex/latex/pgf/frontendlayer/tikz.sty
(/home/fouche/texlive/texmf-dist/tex/latex/pgf/basiclayer/pgf.sty
(/home/fouche/texlive/texmf-dist/tex/latex/pgf/utilities/pgfrcs.sty
(/home/fouche/texlive/texmf-dist/tex/generic/pgf/utilities/pgfutil-common.tex
\pgfutil@everybye=\toks17
\pgfutil@tempdima=\dimen135
\pgfutil@tempdimb=\dimen136

(/home/fouche/texlive/texmf-dist/tex/generic/pgf/utilities/pgfutil-common-lists
.tex))
(/home/fouche/texlive/texmf-dist/tex/generic/pgf/utilities/pgfutil-latex.def
\pgfutil@abb=\box46

(/home/fouche/texlive/texmf-dist/tex/latex/ms/everyshi.sty
Package: everyshi 2001/05/15 v3.00 EveryShipout Package (MS)
))
(/home/fouche/texlive/texmf-dist/tex/generic/pgf/utilities/pgfrcs.code.tex
(/home/fouche/texlive/texmf-dist/tex/generic/pgf/pgf.revision.tex)
Package: pgfrcs 2020/01/08 v3.1.5b (3.1.5b)
))
Package: pgf 2020/01/08 v3.1.5b (3.1.5b)

(/home/fouche/texlive/texmf-dist/tex/latex/pgf/basiclayer/pgfcore.sty
(/home/fouche/texlive/texmf-dist/tex/latex/graphics/graphicx.sty
Package: graphicx 2019/11/30 v1.2a Enhanced LaTeX Graphics (DPC,SPQR)

(/home/fouche/texlive/texmf-dist/tex/latex/graphics/graphics.sty
Package: graphics 2019/11/30 v1.4a Standard LaTeX Graphics (DPC,SPQR)

(/home/fouche/texlive/texmf-dist/tex/latex/graphics/trig.sty
Package: trig 2016/01/03 v1.10 sin cos tan (DPC)
)
(/home/fouche/texlive/texmf-dist/tex/latex/graphics-cfg/graphics.cfg
File: graphics.cfg 2016/06/04 v1.11 sample graphics configuration
)
Package graphics Info: Driver file: pdftex.def on input line 105.

(/home/fouche/texlive/texmf-dist/tex/latex/graphics-def/pdftex.def
File: pdftex.def 2018/01/08 v1.0l Graphics/color driver for pdftex
))
\Gin@req@height=\dimen137
\Gin@req@width=\dimen138
)
(/home/fouche/texlive/texmf-dist/tex/latex/pgf/systemlayer/pgfsys.sty
(/home/fouche/texlive/texmf-dist/tex/generic/pgf/systemlayer/pgfsys.code.tex
Package: pgfsys 2020/01/08 v3.1.5b (3.1.5b)

(/home/fouche/texlive/texmf-dist/tex/generic/pgf/utilities/pgfkeys.code.tex
\pgfkeys@pathtoks=\toks18
\pgfkeys@temptoks=\toks19

(/home/fouche/texlive/texmf-dist/tex/generic/pgf/utilities/pgfkeysfiltered.code
.tex
\pgfkeys@tmptoks=\toks20
))
\pgf@x=\dimen139
\pgf@y=\dimen140
\pgf@xa=\dimen141
\pgf@ya=\dimen142
\pgf@xb=\dimen143
\pgf@yb=\dimen144
\pgf@xc=\dimen145
\pgf@yc=\dimen146
\pgf@xd=\dimen147
\pgf@yd=\dimen148
\w@pgf@writea=\write3
\r@pgf@reada=\read2
\c@pgf@counta=\count178
\c@pgf@countb=\count179
\c@pgf@countc=\count180
\c@pgf@countd=\count181
\t@pgf@toka=\toks21
\t@pgf@tokb=\toks22
\t@pgf@tokc=\toks23
\pgf@sys@id@count=\count182
 (/home/fouche/texlive/texmf-dist/tex/generic/pgf/systemlayer/pgf.cfg
File: pgf.cfg 2020/01/08 v3.1.5b (3.1.5b)
)
Driver file for pgf: pgfsys-pdftex.def

(/home/fouche/texlive/texmf-dist/tex/generic/pgf/systemlayer/pgfsys-pdftex.def
File: pgfsys-pdftex.def 2020/01/08 v3.1.5b (3.1.5b)

(/home/fouche/texlive/texmf-dist/tex/generic/pgf/systemlayer/pgfsys-common-pdf.
def
File: pgfsys-common-pdf.def 2020/01/08 v3.1.5b (3.1.5b)
)))
(/home/fouche/texlive/texmf-dist/tex/generic/pgf/systemlayer/pgfsyssoftpath.cod
e.tex
File: pgfsyssoftpath.code.tex 2020/01/08 v3.1.5b (3.1.5b)
\pgfsyssoftpath@smallbuffer@items=\count183
\pgfsyssoftpath@bigbuffer@items=\count184
)
(/home/fouche/texlive/texmf-dist/tex/generic/pgf/systemlayer/pgfsysprotocol.cod
e.tex
File: pgfsysprotocol.code.tex 2020/01/08 v3.1.5b (3.1.5b)
)) (/home/fouche/texlive/texmf-dist/tex/latex/xcolor/xcolor.sty
Package: xcolor 2016/05/11 v2.12 LaTeX color extensions (UK)

(/home/fouche/texlive/texmf-dist/tex/latex/graphics-cfg/color.cfg
File: color.cfg 2016/01/02 v1.6 sample color configuration
)
Package xcolor Info: Driver file: pdftex.def on input line 225.
Package xcolor Info: Model `cmy' substituted by `cmy0' on input line 1348.
Package xcolor Info: Model `hsb' substituted by `rgb' on input line 1352.
Package xcolor Info: Model `RGB' extended on input line 1364.
Package xcolor Info: Model `HTML' substituted by `rgb' on input line 1366.
Package xcolor Info: Model `Hsb' substituted by `hsb' on input line 1367.
Package xcolor Info: Model `tHsb' substituted by `hsb' on input line 1368.
Package xcolor Info: Model `HSB' substituted by `hsb' on input line 1369.
Package xcolor Info: Model `Gray' substituted by `gray' on input line 1370.
Package xcolor Info: Model `wave' substituted by `hsb' on input line 1371.
)
(/home/fouche/texlive/texmf-dist/tex/generic/pgf/basiclayer/pgfcore.code.tex
Package: pgfcore 2020/01/08 v3.1.5b (3.1.5b)

(/home/fouche/texlive/texmf-dist/tex/generic/pgf/math/pgfmath.code.tex
(/home/fouche/texlive/texmf-dist/tex/generic/pgf/math/pgfmathcalc.code.tex
(/home/fouche/texlive/texmf-dist/tex/generic/pgf/math/pgfmathutil.code.tex)
(/home/fouche/texlive/texmf-dist/tex/generic/pgf/math/pgfmathparser.code.tex
\pgfmath@dimen=\dimen149
\pgfmath@count=\count185
\pgfmath@box=\box47
\pgfmath@toks=\toks24
\pgfmath@stack@operand=\toks25
\pgfmath@stack@operation=\toks26
)
(/home/fouche/texlive/texmf-dist/tex/generic/pgf/math/pgfmathfunctions.code.tex

(/home/fouche/texlive/texmf-dist/tex/generic/pgf/math/pgfmathfunctions.basic.co
de.tex)
(/home/fouche/texlive/texmf-dist/tex/generic/pgf/math/pgfmathfunctions.trigonom
etric.code.tex)
(/home/fouche/texlive/texmf-dist/tex/generic/pgf/math/pgfmathfunctions.random.c
ode.tex)
(/home/fouche/texlive/texmf-dist/tex/generic/pgf/math/pgfmathfunctions.comparis
on.code.tex)
(/home/fouche/texlive/texmf-dist/tex/generic/pgf/math/pgfmathfunctions.base.cod
e.tex)
(/home/fouche/texlive/texmf-dist/tex/generic/pgf/math/pgfmathfunctions.round.co
de.tex)
(/home/fouche/texlive/texmf-dist/tex/generic/pgf/math/pgfmathfunctions.misc.cod
e.tex)
(/home/fouche/texlive/texmf-dist/tex/generic/pgf/math/pgfmathfunctions.integera
rithmetics.code.tex)))
(/home/fouche/texlive/texmf-dist/tex/generic/pgf/math/pgfmathfloat.code.tex
\c@pgfmathroundto@lastzeros=\count186
))
(/home/fouche/texlive/texmf-dist/tex/generic/pgf/math/pgfint.code.tex)
(/home/fouche/texlive/texmf-dist/tex/generic/pgf/basiclayer/pgfcorepoints.code.
tex
File: pgfcorepoints.code.tex 2020/01/08 v3.1.5b (3.1.5b)
\pgf@picminx=\dimen150
\pgf@picmaxx=\dimen151
\pgf@picminy=\dimen152
\pgf@picmaxy=\dimen153
\pgf@pathminx=\dimen154
\pgf@pathmaxx=\dimen155
\pgf@pathminy=\dimen156
\pgf@pathmaxy=\dimen157
\pgf@xx=\dimen158
\pgf@xy=\dimen159
\pgf@yx=\dimen160
\pgf@yy=\dimen161
\pgf@zx=\dimen162
\pgf@zy=\dimen163
)
(/home/fouche/texlive/texmf-dist/tex/generic/pgf/basiclayer/pgfcorepathconstruc
t.code.tex
File: pgfcorepathconstruct.code.tex 2020/01/08 v3.1.5b (3.1.5b)
\pgf@path@lastx=\dimen164
\pgf@path@lasty=\dimen165
)
(/home/fouche/texlive/texmf-dist/tex/generic/pgf/basiclayer/pgfcorepathusage.co
de.tex
File: pgfcorepathusage.code.tex 2020/01/08 v3.1.5b (3.1.5b)
\pgf@shorten@end@additional=\dimen166
\pgf@shorten@start@additional=\dimen167
)
(/home/fouche/texlive/texmf-dist/tex/generic/pgf/basiclayer/pgfcorescopes.code.
tex
File: pgfcorescopes.code.tex 2020/01/08 v3.1.5b (3.1.5b)
\pgfpic=\box48
\pgf@hbox=\box49
\pgf@layerbox@main=\box50
\pgf@picture@serial@count=\count187
)
(/home/fouche/texlive/texmf-dist/tex/generic/pgf/basiclayer/pgfcoregraphicstate
.code.tex
File: pgfcoregraphicstate.code.tex 2020/01/08 v3.1.5b (3.1.5b)
\pgflinewidth=\dimen168
)
(/home/fouche/texlive/texmf-dist/tex/generic/pgf/basiclayer/pgfcoretransformati
ons.code.tex
File: pgfcoretransformations.code.tex 2020/01/08 v3.1.5b (3.1.5b)
\pgf@pt@x=\dimen169
\pgf@pt@y=\dimen170
\pgf@pt@temp=\dimen171
)
(/home/fouche/texlive/texmf-dist/tex/generic/pgf/basiclayer/pgfcorequick.code.t
ex
File: pgfcorequick.code.tex 2020/01/08 v3.1.5b (3.1.5b)
)
(/home/fouche/texlive/texmf-dist/tex/generic/pgf/basiclayer/pgfcoreobjects.code
.tex
File: pgfcoreobjects.code.tex 2020/01/08 v3.1.5b (3.1.5b)
)
(/home/fouche/texlive/texmf-dist/tex/generic/pgf/basiclayer/pgfcorepathprocessi
ng.code.tex
File: pgfcorepathprocessing.code.tex 2020/01/08 v3.1.5b (3.1.5b)
)
(/home/fouche/texlive/texmf-dist/tex/generic/pgf/basiclayer/pgfcorearrows.code.
tex
File: pgfcorearrows.code.tex 2020/01/08 v3.1.5b (3.1.5b)
\pgfarrowsep=\dimen172
)
(/home/fouche/texlive/texmf-dist/tex/generic/pgf/basiclayer/pgfcoreshade.code.t
ex
File: pgfcoreshade.code.tex 2020/01/08 v3.1.5b (3.1.5b)
\pgf@max=\dimen173
\pgf@sys@shading@range@num=\count188
\pgf@shadingcount=\count189
)
(/home/fouche/texlive/texmf-dist/tex/generic/pgf/basiclayer/pgfcoreimage.code.t
ex
File: pgfcoreimage.code.tex 2020/01/08 v3.1.5b (3.1.5b)

(/home/fouche/texlive/texmf-dist/tex/generic/pgf/basiclayer/pgfcoreexternal.cod
e.tex
File: pgfcoreexternal.code.tex 2020/01/08 v3.1.5b (3.1.5b)
\pgfexternal@startupbox=\box51
))
(/home/fouche/texlive/texmf-dist/tex/generic/pgf/basiclayer/pgfcorelayers.code.
tex
File: pgfcorelayers.code.tex 2020/01/08 v3.1.5b (3.1.5b)
)
(/home/fouche/texlive/texmf-dist/tex/generic/pgf/basiclayer/pgfcoretransparency
.code.tex
File: pgfcoretransparency.code.tex 2020/01/08 v3.1.5b (3.1.5b)
)
(/home/fouche/texlive/texmf-dist/tex/generic/pgf/basiclayer/pgfcorepatterns.cod
e.tex
File: pgfcorepatterns.code.tex 2020/01/08 v3.1.5b (3.1.5b)
)
(/home/fouche/texlive/texmf-dist/tex/generic/pgf/basiclayer/pgfcorerdf.code.tex
File: pgfcorerdf.code.tex 2020/01/08 v3.1.5b (3.1.5b)
)))
(/home/fouche/texlive/texmf-dist/tex/generic/pgf/modules/pgfmoduleshapes.code.t
ex
File: pgfmoduleshapes.code.tex 2020/01/08 v3.1.5b (3.1.5b)
\pgfnodeparttextbox=\box52
)
(/home/fouche/texlive/texmf-dist/tex/generic/pgf/modules/pgfmoduleplot.code.tex
File: pgfmoduleplot.code.tex 2020/01/08 v3.1.5b (3.1.5b)
)
(/home/fouche/texlive/texmf-dist/tex/latex/pgf/compatibility/pgfcomp-version-0-
65.sty
Package: pgfcomp-version-0-65 2020/01/08 v3.1.5b (3.1.5b)
\pgf@nodesepstart=\dimen174
\pgf@nodesepend=\dimen175
)
(/home/fouche/texlive/texmf-dist/tex/latex/pgf/compatibility/pgfcomp-version-1-
18.sty
Package: pgfcomp-version-1-18 2020/01/08 v3.1.5b (3.1.5b)
)) (/home/fouche/texlive/texmf-dist/tex/latex/pgf/utilities/pgffor.sty
(/home/fouche/texlive/texmf-dist/tex/latex/pgf/utilities/pgfkeys.sty
(/home/fouche/texlive/texmf-dist/tex/generic/pgf/utilities/pgfkeys.code.tex))
(/home/fouche/texlive/texmf-dist/tex/latex/pgf/math/pgfmath.sty
(/home/fouche/texlive/texmf-dist/tex/generic/pgf/math/pgfmath.code.tex))
(/home/fouche/texlive/texmf-dist/tex/generic/pgf/utilities/pgffor.code.tex
Package: pgffor 2020/01/08 v3.1.5b (3.1.5b)

(/home/fouche/texlive/texmf-dist/tex/generic/pgf/math/pgfmath.code.tex)
\pgffor@iter=\dimen176
\pgffor@skip=\dimen177
\pgffor@stack=\toks27
\pgffor@toks=\toks28
))
(/home/fouche/texlive/texmf-dist/tex/generic/pgf/frontendlayer/tikz/tikz.code.t
ex
Package: tikz 2020/01/08 v3.1.5b (3.1.5b)

(/home/fouche/texlive/texmf-dist/tex/generic/pgf/libraries/pgflibraryplothandle
rs.code.tex
File: pgflibraryplothandlers.code.tex 2020/01/08 v3.1.5b (3.1.5b)
\pgf@plot@mark@count=\count190
\pgfplotmarksize=\dimen178
)
\tikz@lastx=\dimen179
\tikz@lasty=\dimen180
\tikz@lastxsaved=\dimen181
\tikz@lastysaved=\dimen182
\tikz@lastmovetox=\dimen183
\tikz@lastmovetoy=\dimen184
\tikzleveldistance=\dimen185
\tikzsiblingdistance=\dimen186
\tikz@figbox=\box53
\tikz@figbox@bg=\box54
\tikz@tempbox=\box55
\tikz@tempbox@bg=\box56
\tikztreelevel=\count191
\tikznumberofchildren=\count192
\tikznumberofcurrentchild=\count193
\tikz@fig@count=\count194

(/home/fouche/texlive/texmf-dist/tex/generic/pgf/modules/pgfmodulematrix.code.t
ex
File: pgfmodulematrix.code.tex 2020/01/08 v3.1.5b (3.1.5b)
\pgfmatrixcurrentrow=\count195
\pgfmatrixcurrentcolumn=\count196
\pgf@matrix@numberofcolumns=\count197
)
\tikz@expandcount=\count198

(/home/fouche/texlive/texmf-dist/tex/generic/pgf/frontendlayer/tikz/libraries/t
ikzlibrarytopaths.code.tex
File: tikzlibrarytopaths.code.tex 2020/01/08 v3.1.5b (3.1.5b)
)))
(/home/fouche/texmf/tex/latex/commutative-diagrams/commutative-diagrams.sty
Package: commutative-diagrams 2020/06/30 UNRELEASED CoDi: Commutative Diagrams 
for TeX

(/home/fouche/texmf/tex/generic/commutative-diagrams/tikzlibrarycommutative-dia
grams.code.tex
(/home/fouche/texmf/tex/generic/commutative-diagrams/tikzlibrarycommutative-dia
grams.diorthono.code.tex)
(/home/fouche/texmf/tex/generic/commutative-diagrams/tikzlibrarycommutative-dia
grams.ramma.code.tex
(/home/fouche/texmf/tex/generic/commutative-diagrams/tikzlibrarycommutative-dia
grams.bapto.code.tex)
(/home/fouche/texmf/tex/generic/commutative-diagrams/tikzlibrarycommutative-dia
grams.ektropi.code.tex
(/home/fouche/texmf/tex/generic/commutative-diagrams/tikzlibrarycommutative-dia
grams.koinos.code.tex
\kDEscapecharCounter=\count199
\kDOptTok=\toks29
\kDGrpTok=\toks30
\kDTmpTok=\toks31
\kDDumpFile=\write4
)
\kDEktropiDefaultToksBackup=\toks32
)
(/home/fouche/texmf/tex/generic/commutative-diagrams/tikzlibrarycommutative-dia
grams.katharizo.code.tex
\kDKatharizoStringified=\toks33
\kDKatharizoSanitized=\toks34
)
(/home/fouche/texmf/tex/generic/commutative-diagrams/tikzlibrarycommutative-dia
grams.ozos.code.tex)
(/home/fouche/texmf/tex/generic/commutative-diagrams/tikzlibrarycommutative-dia
grams.mitra.code.tex
(/home/fouche/texlive/texmf-dist/tex/generic/pgf/frontendlayer/tikz/libraries/t
ikzlibrarymatrix.code.tex
File: tikzlibrarymatrix.code.tex 2020/01/08 v3.1.5b (3.1.5b)
)
\kDMitraTmpTok=\toks35
\kDMitraMatOutTok=\toks36
\kDMitraRowOptTok=\toks37
\kDMitraColOptTok=\toks38
\kDMitraCelOptTok=\toks39
\kDMitraCelCntTok=\toks40
)
(/home/fouche/texmf/tex/generic/commutative-diagrams/tikzlibrarycommutative-dia
grams.velos.code.tex
\kDVelosTemp=\toks41
\kDVelosGlobalLabelOptions=\toks42
\kDVelosGlobalEdgeOptions=\toks43
\kDVelosSource=\toks44
\kDVelosCurFstSrc=\toks45
\kDVelosPrvFstSrc=\toks46
\kDVelosEdge=\toks47
\kDVelosTarget=\toks48
\kDVelosCurLstTar=\toks49
\kDVelosPrvLstTar=\toks50
\kDVelosDerefSrc=\toks51
\kDVelosDerefTar=\toks52
)
\kDRammaOptTok=\toks53
\kDRammaTmpTok=\toks54
)
(/home/fouche/texmf/tex/generic/commutative-diagrams/tikzlibrarycommutative-dia
grams.mandyas.code.tex
(/home/fouche/texlive/texmf-dist/tex/generic/pgf/frontendlayer/tikz/libraries/t
ikzlibrarycalc.code.tex
File: tikzlibrarycalc.code.tex 2020/01/08 v3.1.5b (3.1.5b)
)
(/home/fouche/texlive/texmf-dist/tex/generic/pgf/frontendlayer/tikz/libraries/t
ikzlibrarypositioning.code.tex
File: tikzlibrarypositioning.code.tex 2020/01/08 v3.1.5b (3.1.5b)
))))
(/home/fouche/texlive/texmf-dist/tex/latex/l3backend/l3backend-pdfmode.def
File: l3backend-pdfmode.def 2020-06-29 L3 backend support: PDF mode
\l__kernel_color_stack_int=\count266
\l__pdf_internal_box=\box57
)
(./main.aux)
\openout1 = `main.aux'.

LaTeX Font Info:    Checking defaults for OML/cmm/m/it on input line 9.
LaTeX Font Info:    ... okay on input line 9.
LaTeX Font Info:    Checking defaults for OMS/cmsy/m/n on input line 9.
LaTeX Font Info:    ... okay on input line 9.
LaTeX Font Info:    Checking defaults for OT1/cmr/m/n on input line 9.
LaTeX Font Info:    ... okay on input line 9.
LaTeX Font Info:    Checking defaults for T1/cmr/m/n on input line 9.
LaTeX Font Info:    ... okay on input line 9.
LaTeX Font Info:    Checking defaults for TS1/cmr/m/n on input line 9.
LaTeX Font Info:    ... okay on input line 9.
LaTeX Font Info:    Checking defaults for OMX/cmex/m/n on input line 9.
LaTeX Font Info:    ... okay on input line 9.
LaTeX Font Info:    Checking defaults for U/cmr/m/n on input line 9.
LaTeX Font Info:    ... okay on input line 9.
 ABD: EveryShipout initializing macros
(/home/fouche/texlive/texmf-dist/tex/context/base/mkii/supp-pdf.mkii
[Loading MPS to PDF converter (version 2006.09.02).]
\scratchcounter=\count267
\scratchdimen=\dimen187
\scratchbox=\box58
\nofMPsegments=\count268
\nofMParguments=\count269
\everyMPshowfont=\toks55
\MPscratchCnt=\count270
\MPscratchDim=\dimen188
\MPnumerator=\count271
\makeMPintoPDFobject=\count272
\everyMPtoPDFconversion=\toks56
) (/home/fouche/texlive/texmf-dist/tex/latex/epstopdf-pkg/epstopdf-base.sty
Package: epstopdf-base 2020-01-24 v2.11 Base part for package epstopdf
Package epstopdf-base Info: Redefining graphics rule for `.eps' on input line 4
85.

(/home/fouche/texlive/texmf-dist/tex/latex/latexconfig/epstopdf-sys.cfg
File: epstopdf-sys.cfg 2010/07/13 v1.3 Configuration of (r)epstopdf for TeX Liv
e
))
(./edron-1.tex
LaTeX Font Info:    External font `cmex10' loaded for size
(Font)              <7> on input line 12.
LaTeX Font Info:    External font `cmex10' loaded for size
(Font)              <5> on input line 12.
Missing character: There is no ; in font nullfont!
) (./edron-2.tex
Missing character: There is no ; in font nullfont!
Missing character: There is no ; in font nullfont!
) [1

{/home/fouche/texlive/texmf-var/fonts/map/pdftex/updmap/pdftex.map}] (./main.au
x) ) 
Here is how much of TeX's memory you used:
 12755 strings out of 480471
 268283 string characters out of 5900862
 494650 words of memory out of 5000000
 28538 multiletter control sequences out of 15000+600000
 532338 words of font info for 24 fonts, out of 8000000 for 9000
 1141 hyphenation exceptions out of 8191
 72i,7n,127p,418b,1027s stack positions out of 5000i,500n,10000p,200000b,80000s
</home/fouche/texlive/texmf-dist/fonts/type1/public/amsfonts/cm/cmmi10.pfb>
</home/fouche/texlive/texmf-dist/fonts/type1/public/amsfonts/cm/cmr10.pfb>
Output written on main.pdf (1 page, 19099 bytes).
PDF statistics:
 19 PDF objects out of 1000 (max. 8388607)
 13 compressed objects within 1 object stream
 0 named destinations out of 1000 (max. 500000)
 13 words of extra memory for PDF output out of 10000 (max. 10000000)

